# JRE version: OpenJDK Runtime Environment (8.0_202-b03) (build 1.8.0_202-release-1483-b03)
# Java VM: OpenJDK 64-Bit Server VM (25.202-b03 mixed mode windows-amd64 compressed oops)
Heap:
 PSYoungGen      total 117760K, used 44591K [0x00000000e0000000, 0x00000000e7e80000, 0x0000000100000000)
  eden space 108032K, 33% used [0x00000000e0000000,0x00000000e231aac0,0x00000000e6980000)
  from space 9728K, 88% used [0x00000000e7500000,0x00000000e7d71420,0x00000000e7e80000)
  to   space 10752K, 0% used [0x00000000e6980000,0x00000000e6980000,0x00000000e7400000)
 ParOldGen       total 57856K, used 8283K [0x00000000a0000000, 0x00000000a3880000, 0x00000000e0000000)
  object space 57856K, 14% used [0x00000000a0000000,0x00000000a0816e30,0x00000000a3880000)
 Metaspace       used 34140K, capacity 34838K, committed 35200K, reserved 1079296K
  class space    used 4689K, capacity 4884K, committed 4992K, reserved 1048576K
GC Heap History (10 events):
Event: 3.885 GC heap before
{Heap before GC invocations=5 (full 0):
 PSYoungGen      total 38400K, used 38368K [0x00000000e0000000, 0x00000000e4b00000, 0x0000000100000000)
  eden space 33280K, 100% used [0x00000000e0000000,0x00000000e2080000,0x00000000e2080000)
  from space 5120K, 99% used [0x00000000e2580000,0x00000000e2a78020,0x00000000e2a80000)
  to   space 5120K, 0% used [0x00000000e2080000,0x00000000e2080000,0x00000000e2580000)
 ParOldGen       total 87552K, used 5169K [0x00000000a0000000, 0x00000000a5580000, 0x00000000e0000000)
  object space 87552K, 5% used [0x00000000a0000000,0x00000000a050c648,0x00000000a5580000)
 Metaspace       used 19177K, capacity 19648K, committed 19968K, reserved 1067008K
  class space    used 2787K, capacity 2962K, committed 3072K, reserved 1048576K
Event: 3.894 GC heap after
Heap after GC invocations=5 (full 0):
 PSYoungGen      total 38400K, used 5108K [0x00000000e0000000, 0x00000000e5600000, 0x0000000100000000)
  eden space 33280K, 0% used [0x00000000e0000000,0x00000000e0000000,0x00000000e2080000)
  from space 5120K, 99% used [0x00000000e2080000,0x00000000e257d060,0x00000000e2580000)
  to   space 10752K, 0% used [0x00000000e4b80000,0x00000000e4b80000,0x00000000e5600000)
 ParOldGen       total 87552K, used 8790K [0x00000000a0000000, 0x00000000a5580000, 0x00000000e0000000)
  object space 87552K, 10% used [0x00000000a0000000,0x00000000a08959e8,0x00000000a5580000)
 Metaspace       used 19177K, capacity 19648K, committed 19968K, reserved 1067008K
  class space    used 2787K, capacity 2962K, committed 3072K, reserved 1048576K
}
Event: 4.055 GC heap before
{Heap before GC invocations=6 (full 0):
 PSYoungGen      total 38400K, used 16225K [0x00000000e0000000, 0x00000000e5600000, 0x0000000100000000)
  eden space 33280K, 33% used [0x00000000e0000000,0x00000000e0adb6c0,0x00000000e2080000)
  from space 5120K, 99% used [0x00000000e2080000,0x00000000e257d060,0x00000000e2580000)
  to   space 10752K, 0% used [0x00000000e4b80000,0x00000000e4b80000,0x00000000e5600000)
 ParOldGen       total 87552K, used 8790K [0x00000000a0000000, 0x00000000a5580000, 0x00000000e0000000)
  object space 87552K, 10% used [0x00000000a0000000,0x00000000a08959e8,0x00000000a5580000)
 Metaspace       used 20685K, capacity 21158K, committed 21296K, reserved 1067008K
  class space    used 2951K, capacity 3123K, committed 3200K, reserved 1048576K
Event: 4.065 GC heap after
Heap after GC invocations=6 (full 0):
 PSYoungGen      total 76288K, used 7025K [0x00000000e0000000, 0x00000000e5500000, 0x0000000100000000)
  eden space 66560K, 0% used [0x00000000e0000000,0x00000000e0000000,0x00000000e4100000)
  from space 9728K, 72% used [0x00000000e4b80000,0x00000000e525c6b0,0x00000000e5500000)
  to   space 10240K, 0% used [0x00000000e4100000,0x00000000e4100000,0x00000000e4b00000)
 ParOldGen       total 87552K, used 8798K [0x00000000a0000000, 0x00000000a5580000, 0x00000000e0000000)
  object space 87552K, 10% used [0x00000000a0000000,0x00000000a08979e8,0x00000000a5580000)
 Metaspace       used 20685K, capacity 21158K, committed 21296K, reserved 1067008K
  class space    used 2951K, capacity 3123K, committed 3200K, reserved 1048576K
}
Event: 4.065 GC heap before
{Heap before GC invocations=7 (full 1):
 PSYoungGen      total 76288K, used 7025K [0x00000000e0000000, 0x00000000e5500000, 0x0000000100000000)
  eden space 66560K, 0% used [0x00000000e0000000,0x00000000e0000000,0x00000000e4100000)
  from space 9728K, 72% used [0x00000000e4b80000,0x00000000e525c6b0,0x00000000e5500000)
  to   space 10240K, 0% used [0x00000000e4100000,0x00000000e4100000,0x00000000e4b00000)
 ParOldGen       total 87552K, used 8798K [0x00000000a0000000, 0x00000000a5580000, 0x00000000e0000000)
  object space 87552K, 10% used [0x00000000a0000000,0x00000000a08979e8,0x00000000a5580000)
 Metaspace       used 20685K, capacity 21158K, committed 21296K, reserved 1067008K
  class space    used 2951K, capacity 3123K, committed 3200K, reserved 1048576K
Event: 4.115 GC heap after
Heap after GC invocations=7 (full 1):
 PSYoungGen      total 76288K, used 0K [0x00000000e0000000, 0x00000000e5500000, 0x0000000100000000)
  eden space 66560K, 0% used [0x00000000e0000000,0x00000000e0000000,0x00000000e4100000)
  from space 9728K, 0% used [0x00000000e4b80000,0x00000000e4b80000,0x00000000e5500000)
  to   space 10240K, 0% used [0x00000000e4100000,0x00000000e4100000,0x00000000e4b00000)
 ParOldGen       total 57856K, used 8267K [0x00000000a0000000, 0x00000000a3880000, 0x00000000e0000000)
  object space 57856K, 14% used [0x00000000a0000000,0x00000000a0812e30,0x00000000a3880000)
 Metaspace       used 20685K, capacity 21158K, committed 21296K, reserved 1067008K
  class space    used 2951K, capacity 3123K, committed 3200K, reserved 1048576K
}
Event: 5.188 GC heap before
{Heap before GC invocations=8 (full 1):
 PSYoungGen      total 76288K, used 66560K [0x00000000e0000000, 0x00000000e5500000, 0x0000000100000000)
  eden space 66560K, 100% used [0x00000000e0000000,0x00000000e4100000,0x00000000e4100000)
  from space 9728K, 0% used [0x00000000e4b80000,0x00000000e4b80000,0x00000000e5500000)
  to   space 10240K, 0% used [0x00000000e4100000,0x00000000e4100000,0x00000000e4b00000)
 ParOldGen       total 57856K, used 8267K [0x00000000a0000000, 0x00000000a3880000, 0x00000000e0000000)
  object space 57856K, 14% used [0x00000000a0000000,0x00000000a0812e30,0x00000000a3880000)
 Metaspace       used 29049K, capacity 29568K, committed 29824K, reserved 1075200K
  class space    used 3921K, capacity 4102K, committed 4224K, reserved 1048576K
Event: 5.201 GC heap after
Heap after GC invocations=8 (full 1):
 PSYoungGen      total 76800K, used 8082K [0x00000000e0000000, 0x00000000e7f80000, 0x0000000100000000)
  eden space 66560K, 0% used [0x00000000e0000000,0x00000000e0000000,0x00000000e4100000)
  from space 10240K, 78% used [0x00000000e4100000,0x00000000e48e4970,0x00000000e4b00000)
  to   space 10752K, 0% used [0x00000000e7500000,0x00000000e7500000,0x00000000e7f80000)
 ParOldGen       total 57856K, used 8275K [0x00000000a0000000, 0x00000000a3880000, 0x00000000e0000000)
  object space 57856K, 14% used [0x00000000a0000000,0x00000000a0814e30,0x00000000a3880000)
 Metaspace       used 29049K, capacity 29568K, committed 29824K, reserved 1075200K
  class space    used 3921K, capacity 4102K, committed 4224K, reserved 1048576K
}
Event: 6.177 GC heap before
{Heap before GC invocations=9 (full 1):
 PSYoungGen      total 76800K, used 74642K [0x00000000e0000000, 0x00000000e7f80000, 0x0000000100000000)
  eden space 66560K, 100% used [0x00000000e0000000,0x00000000e4100000,0x00000000e4100000)
  from space 10240K, 78% used [0x00000000e4100000,0x00000000e48e4970,0x00000000e4b00000)
  to   space 10752K, 0% used [0x00000000e7500000,0x00000000e7500000,0x00000000e7f80000)
 ParOldGen       total 57856K, used 8275K [0x00000000a0000000, 0x00000000a3880000, 0x00000000e0000000)
  object space 57856K, 14% used [0x00000000a0000000,0x00000000a0814e30,0x00000000a3880000)
 Metaspace       used 32368K, capacity 32894K, committed 33152K, reserved 1077248K
  class space    used 4457K, capacity 4656K, committed 4736K, reserved 1048576K
Event: 6.192 GC heap after
Heap after GC invocations=9 (full 1):
 PSYoungGen      total 117760K, used 8645K [0x00000000e0000000, 0x00000000e7e80000, 0x0000000100000000)
  eden space 108032K, 0% used [0x00000000e0000000,0x00000000e0000000,0x00000000e6980000)
  from space 9728K, 88% used [0x00000000e7500000,0x00000000e7d71420,0x00000000e7e80000)
  to   space 10752K, 0% used [0x00000000e6980000,0x00000000e6980000,0x00000000e7400000)
 ParOldGen       total 57856K, used 8283K [0x00000000a0000000, 0x00000000a3880000, 0x00000000e0000000)
  object space 57856K, 14% used [0x00000000a0000000,0x00000000a0816e30,0x00000000a3880000)
 Metaspace       used 32368K, capacity 32894K, committed 33152K, reserved 1077248K
  class space    used 4457K, capacity 4656K, committed 4736K, reserved 1048576K
}

