# JRE version: OpenJDK Runtime Environment (8.0_202-b03) (build 1.8.0_202-release-1483-b03)
# Java VM: OpenJDK 64-Bit Server VM (25.202-b03 mixed mode windows-amd64 compressed oops)
Heap:
 PSYoungGen      total 151040K, used 35441K [0x00000000e0000000, 0x00000000ea300000, 0x0000000100000000)
  eden space 139264K, 17% used [0x00000000e0000000,0x00000000e1723b48,0x00000000e8800000)
  from space 11776K, 99% used [0x00000000e9600000,0x00000000ea178b98,0x00000000ea180000)
  to   space 13824K, 0% used [0x00000000e8800000,0x00000000e8800000,0x00000000e9580000)
 ParOldGen       total 57856K, used 19461K [0x00000000a0000000, 0x00000000a3880000, 0x00000000e0000000)
  object space 57856K, 33% used [0x00000000a0000000,0x00000000a13017d0,0x00000000a3880000)
 Metaspace       used 47576K, capacity 48688K, committed 48984K, reserved 1091584K
  class space    used 6406K, capacity 6683K, committed 6784K, reserved 1048576K
GC Heap History (10 events):
Event: 4.997 GC heap before
{Heap before GC invocations=8 (full 1):
 PSYoungGen      total 76288K, used 66560K [0x00000000e0000000, 0x00000000e5500000, 0x0000000100000000)
  eden space 66560K, 100% used [0x00000000e0000000,0x00000000e4100000,0x00000000e4100000)
  from space 9728K, 0% used [0x00000000e4b80000,0x00000000e4b80000,0x00000000e5500000)
  to   space 10240K, 0% used [0x00000000e4100000,0x00000000e4100000,0x00000000e4b00000)
 ParOldGen       total 57856K, used 7686K [0x00000000a0000000, 0x00000000a3880000, 0x00000000e0000000)
  object space 57856K, 13% used [0x00000000a0000000,0x00000000a07819b0,0x00000000a3880000)
 Metaspace       used 28586K, capacity 29064K, committed 29440K, reserved 1075200K
  class space    used 3855K, capacity 4015K, committed 4096K, reserved 1048576K
Event: 5.012 GC heap after
Heap after GC invocations=8 (full 1):
 PSYoungGen      total 76800K, used 7738K [0x00000000e0000000, 0x00000000e7d00000, 0x0000000100000000)
  eden space 66560K, 0% used [0x00000000e0000000,0x00000000e0000000,0x00000000e4100000)
  from space 10240K, 75% used [0x00000000e4100000,0x00000000e488e830,0x00000000e4b00000)
  to   space 10240K, 0% used [0x00000000e7300000,0x00000000e7300000,0x00000000e7d00000)
 ParOldGen       total 57856K, used 7694K [0x00000000a0000000, 0x00000000a3880000, 0x00000000e0000000)
  object space 57856K, 13% used [0x00000000a0000000,0x00000000a07839b0,0x00000000a3880000)
 Metaspace       used 28586K, capacity 29064K, committed 29440K, reserved 1075200K
  class space    used 3855K, capacity 4015K, committed 4096K, reserved 1048576K
}
Event: 5.777 GC heap before
{Heap before GC invocations=9 (full 1):
 PSYoungGen      total 76800K, used 74298K [0x00000000e0000000, 0x00000000e7d00000, 0x0000000100000000)
  eden space 66560K, 100% used [0x00000000e0000000,0x00000000e4100000,0x00000000e4100000)
  from space 10240K, 75% used [0x00000000e4100000,0x00000000e488e830,0x00000000e4b00000)
  to   space 10240K, 0% used [0x00000000e7300000,0x00000000e7300000,0x00000000e7d00000)
 ParOldGen       total 57856K, used 7694K [0x00000000a0000000, 0x00000000a3880000, 0x00000000e0000000)
  object space 57856K, 13% used [0x00000000a0000000,0x00000000a07839b0,0x00000000a3880000)
 Metaspace       used 32014K, capacity 32512K, committed 32768K, reserved 1077248K
  class space    used 4406K, capacity 4567K, committed 4608K, reserved 1048576K
Event: 5.789 GC heap after
Heap after GC invocations=9 (full 1):
 PSYoungGen      total 116736K, used 8692K [0x00000000e0000000, 0x00000000e7d00000, 0x0000000100000000)
  eden space 106496K, 0% used [0x00000000e0000000,0x00000000e0000000,0x00000000e6800000)
  from space 10240K, 84% used [0x00000000e7300000,0x00000000e7b7d2a8,0x00000000e7d00000)
  to   space 10752K, 0% used [0x00000000e6800000,0x00000000e6800000,0x00000000e7280000)
 ParOldGen       total 57856K, used 7702K [0x00000000a0000000, 0x00000000a3880000, 0x00000000e0000000)
  object space 57856K, 13% used [0x00000000a0000000,0x00000000a07859b0,0x00000000a3880000)
 Metaspace       used 32014K, capacity 32512K, committed 32768K, reserved 1077248K
  class space    used 4406K, capacity 4567K, committed 4608K, reserved 1048576K
}
Event: 9.574 GC heap before
{Heap before GC invocations=10 (full 1):
 PSYoungGen      total 116736K, used 58750K [0x00000000e0000000, 0x00000000e7d00000, 0x0000000100000000)
  eden space 106496K, 47% used [0x00000000e0000000,0x00000000e30e2668,0x00000000e6800000)
  from space 10240K, 84% used [0x00000000e7300000,0x00000000e7b7d2a8,0x00000000e7d00000)
  to   space 10752K, 0% used [0x00000000e6800000,0x00000000e6800000,0x00000000e7280000)
 ParOldGen       total 57856K, used 7702K [0x00000000a0000000, 0x00000000a3880000, 0x00000000e0000000)
  object space 57856K, 13% used [0x00000000a0000000,0x00000000a07859b0,0x00000000a3880000)
 Metaspace       used 34611K, capacity 35256K, committed 35416K, reserved 1079296K
  class space    used 4748K, capacity 4937K, committed 4992K, reserved 1048576K
Event: 9.593 GC heap after
Heap after GC invocations=10 (full 1):
 PSYoungGen      total 117248K, used 10006K [0x00000000e0000000, 0x00000000ea180000, 0x0000000100000000)
  eden space 106496K, 0% used [0x00000000e0000000,0x00000000e0000000,0x00000000e6800000)
  from space 10752K, 93% used [0x00000000e6800000,0x00000000e71c5ae0,0x00000000e7280000)
  to   space 11776K, 0% used [0x00000000e9600000,0x00000000e9600000,0x00000000ea180000)
 ParOldGen       total 57856K, used 7710K [0x00000000a0000000, 0x00000000a3880000, 0x00000000e0000000)
  object space 57856K, 13% used [0x00000000a0000000,0x00000000a07879b0,0x00000000a3880000)
 Metaspace       used 34611K, capacity 35256K, committed 35416K, reserved 1079296K
  class space    used 4748K, capacity 4937K, committed 4992K, reserved 1048576K
}
Event: 9.593 GC heap before
{Heap before GC invocations=11 (full 2):
 PSYoungGen      total 117248K, used 10006K [0x00000000e0000000, 0x00000000ea180000, 0x0000000100000000)
  eden space 106496K, 0% used [0x00000000e0000000,0x00000000e0000000,0x00000000e6800000)
  from space 10752K, 93% used [0x00000000e6800000,0x00000000e71c5ae0,0x00000000e7280000)
  to   space 11776K, 0% used [0x00000000e9600000,0x00000000e9600000,0x00000000ea180000)
 ParOldGen       total 57856K, used 7710K [0x00000000a0000000, 0x00000000a3880000, 0x00000000e0000000)
  object space 57856K, 13% used [0x00000000a0000000,0x00000000a07879b0,0x00000000a3880000)
 Metaspace       used 34611K, capacity 35256K, committed 35416K, reserved 1079296K
  class space    used 4748K, capacity 4937K, committed 4992K, reserved 1048576K
Event: 9.685 GC heap after
Heap after GC invocations=11 (full 2):
 PSYoungGen      total 117248K, used 0K [0x00000000e0000000, 0x00000000ea180000, 0x0000000100000000)
  eden space 106496K, 0% used [0x00000000e0000000,0x00000000e0000000,0x00000000e6800000)
  from space 10752K, 0% used [0x00000000e6800000,0x00000000e6800000,0x00000000e7280000)
  to   space 11776K, 0% used [0x00000000e9600000,0x00000000e9600000,0x00000000ea180000)
 ParOldGen       total 57856K, used 16618K [0x00000000a0000000, 0x00000000a3880000, 0x00000000e0000000)
  object space 57856K, 28% used [0x00000000a0000000,0x00000000a103a800,0x00000000a3880000)
 Metaspace       used 34611K, capacity 35256K, committed 35416K, reserved 1079296K
  class space    used 4748K, capacity 4937K, committed 4992K, reserved 1048576K
}
Event: 11.468 GC heap before
{Heap before GC invocations=12 (full 2):
 PSYoungGen      total 117248K, used 106496K [0x00000000e0000000, 0x00000000ea180000, 0x0000000100000000)
  eden space 106496K, 100% used [0x00000000e0000000,0x00000000e6800000,0x00000000e6800000)
  from space 10752K, 0% used [0x00000000e6800000,0x00000000e6800000,0x00000000e7280000)
  to   space 11776K, 0% used [0x00000000e9600000,0x00000000e9600000,0x00000000ea180000)
 ParOldGen       total 57856K, used 16618K [0x00000000a0000000, 0x00000000a3880000, 0x00000000e0000000)
  object space 57856K, 28% used [0x00000000a0000000,0x00000000a103a800,0x00000000a3880000)
 Metaspace       used 45227K, capacity 46104K, committed 46296K, reserved 1089536K
  class space    used 6097K, capacity 6308K, committed 6400K, reserved 1048576K
Event: 11.488 GC heap after
Heap after GC invocations=12 (full 2):
 PSYoungGen      total 151040K, used 11746K [0x00000000e0000000, 0x00000000ea300000, 0x0000000100000000)
  eden space 139264K, 0% used [0x00000000e0000000,0x00000000e0000000,0x00000000e8800000)
  from space 11776K, 99% used [0x00000000e9600000,0x00000000ea178b98,0x00000000ea180000)
  to   space 13824K, 0% used [0x00000000e8800000,0x00000000e8800000,0x00000000e9580000)
 ParOldGen       total 57856K, used 19461K [0x00000000a0000000, 0x00000000a3880000, 0x00000000e0000000)
  object space 57856K, 33% used [0x00000000a0000000,0x00000000a13017d0,0x00000000a3880000)
 Metaspace       used 45227K, capacity 46104K, committed 46296K, reserved 1089536K
  class space    used 6097K, capacity 6308K, committed 6400K, reserved 1048576K
}

