# JRE version: OpenJDK Runtime Environment (8.0_202-b03) (build 1.8.0_202-release-1483-b03)
# Java VM: OpenJDK 64-Bit Server VM (25.202-b03 mixed mode windows-amd64 compressed oops)
Heap:
 PSYoungGen      total 120832K, used 79961K [0x00000000e0000000, 0x00000000ead00000, 0x0000000100000000)
  eden space 110080K, 72% used [0x00000000e0000000,0x00000000e4e16610,0x00000000e6b80000)
  from space 10752K, 0% used [0x00000000e6b80000,0x00000000e6b80000,0x00000000e7600000)
  to   space 11776K, 44% used [0x00000000ea180000,0x00000000ea693310,0x00000000ead00000)
 ParOldGen       total 56832K, used 16739K [0x00000000a0000000, 0x00000000a3780000, 0x00000000e0000000)
  object space 56832K, 29% used [0x00000000a0000000,0x00000000a1058e48,0x00000000a3780000)
 Metaspace       used 43374K, capacity 44230K, committed 44328K, reserved 1091584K
  class space    used 5860K, capacity 6127K, committed 6184K, reserved 1048576K
GC Heap History (10 events):
Event: 3.746 GC heap after
Heap after GC invocations=7 (full 1):
 PSYoungGen      total 76288K, used 0K [0x00000000e0000000, 0x00000000e5500000, 0x0000000100000000)
  eden space 66560K, 0% used [0x00000000e0000000,0x00000000e0000000,0x00000000e4100000)
  from space 9728K, 0% used [0x00000000e4b80000,0x00000000e4b80000,0x00000000e5500000)
  to   space 10240K, 0% used [0x00000000e4100000,0x00000000e4100000,0x00000000e4b00000)
 ParOldGen       total 56832K, used 8238K [0x00000000a0000000, 0x00000000a3780000, 0x00000000e0000000)
  object space 56832K, 14% used [0x00000000a0000000,0x00000000a080b8a0,0x00000000a3780000)
 Metaspace       used 20690K, capacity 21150K, committed 21296K, reserved 1067008K
  class space    used 2950K, capacity 3123K, committed 3200K, reserved 1048576K
}
Event: 4.637 GC heap before
{Heap before GC invocations=8 (full 1):
 PSYoungGen      total 76288K, used 66560K [0x00000000e0000000, 0x00000000e5500000, 0x0000000100000000)
  eden space 66560K, 100% used [0x00000000e0000000,0x00000000e4100000,0x00000000e4100000)
  from space 9728K, 0% used [0x00000000e4b80000,0x00000000e4b80000,0x00000000e5500000)
  to   space 10240K, 0% used [0x00000000e4100000,0x00000000e4100000,0x00000000e4b00000)
 ParOldGen       total 56832K, used 8238K [0x00000000a0000000, 0x00000000a3780000, 0x00000000e0000000)
  object space 56832K, 14% used [0x00000000a0000000,0x00000000a080b8a0,0x00000000a3780000)
 Metaspace       used 29065K, capacity 29560K, committed 29824K, reserved 1075200K
  class space    used 3922K, capacity 4102K, committed 4224K, reserved 1048576K
Event: 4.648 GC heap after
Heap after GC invocations=8 (full 1):
 PSYoungGen      total 76800K, used 8082K [0x00000000e0000000, 0x00000000e8100000, 0x0000000100000000)
  eden space 66560K, 0% used [0x00000000e0000000,0x00000000e0000000,0x00000000e4100000)
  from space 10240K, 78% used [0x00000000e4100000,0x00000000e48e4b88,0x00000000e4b00000)
  to   space 10752K, 0% used [0x00000000e7680000,0x00000000e7680000,0x00000000e8100000)
 ParOldGen       total 56832K, used 8246K [0x00000000a0000000, 0x00000000a3780000, 0x00000000e0000000)
  object space 56832K, 14% used [0x00000000a0000000,0x00000000a080d8a0,0x00000000a3780000)
 Metaspace       used 29065K, capacity 29560K, committed 29824K, reserved 1075200K
  class space    used 3922K, capacity 4102K, committed 4224K, reserved 1048576K
}
Event: 5.566 GC heap before
{Heap before GC invocations=9 (full 1):
 PSYoungGen      total 76800K, used 74642K [0x00000000e0000000, 0x00000000e8100000, 0x0000000100000000)
  eden space 66560K, 100% used [0x00000000e0000000,0x00000000e4100000,0x00000000e4100000)
  from space 10240K, 78% used [0x00000000e4100000,0x00000000e48e4b88,0x00000000e4b00000)
  to   space 10752K, 0% used [0x00000000e7680000,0x00000000e7680000,0x00000000e8100000)
 ParOldGen       total 56832K, used 8246K [0x00000000a0000000, 0x00000000a3780000, 0x00000000e0000000)
  object space 56832K, 14% used [0x00000000a0000000,0x00000000a080d8a0,0x00000000a3780000)
 Metaspace       used 32313K, capacity 32854K, committed 33152K, reserved 1077248K
  class space    used 4450K, capacity 4624K, committed 4736K, reserved 1048576K
Event: 5.584 GC heap after
Heap after GC invocations=9 (full 1):
 PSYoungGen      total 120320K, used 8685K [0x00000000e0000000, 0x00000000e8080000, 0x0000000100000000)
  eden space 110080K, 0% used [0x00000000e0000000,0x00000000e0000000,0x00000000e6b80000)
  from space 10240K, 84% used [0x00000000e7680000,0x00000000e7efb608,0x00000000e8080000)
  to   space 10752K, 0% used [0x00000000e6b80000,0x00000000e6b80000,0x00000000e7600000)
 ParOldGen       total 56832K, used 8254K [0x00000000a0000000, 0x00000000a3780000, 0x00000000e0000000)
  object space 56832K, 14% used [0x00000000a0000000,0x00000000a080f8a0,0x00000000a3780000)
 Metaspace       used 32313K, capacity 32854K, committed 33152K, reserved 1077248K
  class space    used 4450K, capacity 4624K, committed 4736K, reserved 1048576K
}
Event: 6.597 GC heap before
{Heap before GC invocations=10 (full 1):
 PSYoungGen      total 120320K, used 56549K [0x00000000e0000000, 0x00000000e8080000, 0x0000000100000000)
  eden space 110080K, 43% used [0x00000000e0000000,0x00000000e2ebe050,0x00000000e6b80000)
  from space 10240K, 84% used [0x00000000e7680000,0x00000000e7efb608,0x00000000e8080000)
  to   space 10752K, 0% used [0x00000000e6b80000,0x00000000e6b80000,0x00000000e7600000)
 ParOldGen       total 56832K, used 8254K [0x00000000a0000000, 0x00000000a3780000, 0x00000000e0000000)
  object space 56832K, 14% used [0x00000000a0000000,0x00000000a080f8a0,0x00000000a3780000)
 Metaspace       used 34668K, capacity 35406K, committed 35496K, reserved 1079296K
  class space    used 4771K, capacity 4994K, committed 5032K, reserved 1048576K
Event: 6.620 GC heap after
Heap after GC invocations=10 (full 1):
 PSYoungGen      total 120832K, used 9891K [0x00000000e0000000, 0x00000000ead00000, 0x0000000100000000)
  eden space 110080K, 0% used [0x00000000e0000000,0x00000000e0000000,0x00000000e6b80000)
  from space 10752K, 91% used [0x00000000e6b80000,0x00000000e7528d80,0x00000000e7600000)
  to   space 11776K, 0% used [0x00000000ea180000,0x00000000ea180000,0x00000000ead00000)
 ParOldGen       total 56832K, used 8262K [0x00000000a0000000, 0x00000000a3780000, 0x00000000e0000000)
  object space 56832K, 14% used [0x00000000a0000000,0x00000000a08118a0,0x00000000a3780000)
 Metaspace       used 34668K, capacity 35406K, committed 35496K, reserved 1079296K
  class space    used 4771K, capacity 4994K, committed 5032K, reserved 1048576K
}
Event: 6.620 GC heap before
{Heap before GC invocations=11 (full 2):
 PSYoungGen      total 120832K, used 9891K [0x00000000e0000000, 0x00000000ead00000, 0x0000000100000000)
  eden space 110080K, 0% used [0x00000000e0000000,0x00000000e0000000,0x00000000e6b80000)
  from space 10752K, 91% used [0x00000000e6b80000,0x00000000e7528d80,0x00000000e7600000)
  to   space 11776K, 0% used [0x00000000ea180000,0x00000000ea180000,0x00000000ead00000)
 ParOldGen       total 56832K, used 8262K [0x00000000a0000000, 0x00000000a3780000, 0x00000000e0000000)
  object space 56832K, 14% used [0x00000000a0000000,0x00000000a08118a0,0x00000000a3780000)
 Metaspace       used 34668K, capacity 35406K, committed 35496K, reserved 1079296K
  class space    used 4771K, capacity 4994K, committed 5032K, reserved 1048576K
Event: 6.707 GC heap after
Heap after GC invocations=11 (full 2):
 PSYoungGen      total 120832K, used 0K [0x00000000e0000000, 0x00000000ead00000, 0x0000000100000000)
  eden space 110080K, 0% used [0x00000000e0000000,0x00000000e0000000,0x00000000e6b80000)
  from space 10752K, 0% used [0x00000000e6b80000,0x00000000e6b80000,0x00000000e7600000)
  to   space 11776K, 0% used [0x00000000ea180000,0x00000000ea180000,0x00000000ead00000)
 ParOldGen       total 56832K, used 16731K [0x00000000a0000000, 0x00000000a3780000, 0x00000000e0000000)
  object space 56832K, 29% used [0x00000000a0000000,0x00000000a1056e48,0x00000000a3780000)
 Metaspace       used 34668K, capacity 35406K, committed 35496K, reserved 1079296K
  class space    used 4771K, capacity 4994K, committed 5032K, reserved 1048576K
}
Event: 7.836 GC heap before
{Heap before GC invocations=12 (full 2):
 PSYoungGen      total 120832K, used 79961K [0x00000000e0000000, 0x00000000ead00000, 0x0000000100000000)
  eden space 110080K, 72% used [0x00000000e0000000,0x00000000e4e16610,0x00000000e6b80000)
  from space 10752K, 0% used [0x00000000e6b80000,0x00000000e6b80000,0x00000000e7600000)
  to   space 11776K, 0% used [0x00000000ea180000,0x00000000ea180000,0x00000000ead00000)
 ParOldGen       total 56832K, used 16731K [0x00000000a0000000, 0x00000000a3780000, 0x00000000e0000000)
  object space 56832K, 29% used [0x00000000a0000000,0x00000000a1056e48,0x00000000a3780000)
 Metaspace       used 43374K, capacity 44230K, committed 44328K, reserved 1091584K
  class space    used 5860K, capacity 6127K, committed 6184K, reserved 1048576K

